[2016-12-27 13:36:37] router.WARNING: router not found [] []
[2016-12-27 13:36:37] router.WARNING: router not found [] []
[2016-12-27 13:37:53] router.WARNING: router not found:/admin/cooc [] []
[2016-12-27 13:37:53] router.WARNING: router not found:/favicon.ico [] []
[2016-12-27 13:39:50] router.WARNING: router not found:/admin/cooc [] []
[2016-12-27 13:39:51] router.WARNING: router not found:/src/Block/View/public/materialize/js/materialize.min.js [] []
[2016-12-27 13:39:51] router.WARNING: router not found:/src/Block/View/public/js/jQueryRotate.js [] []
[2016-12-27 13:39:51] router.WARNING: router not found:/favicon.ico [] []
[2016-12-27 13:40:30] router.WARNING: router not found:/src/Block/View/public/js/jQueryRotate.js [] []
[2016-12-27 13:40:30] router.WARNING: router not found:/src/Block/View/public/materialize/js/materialize.min.js [] []
[2016-12-27 13:40:30] router.WARNING: router not found:/favicon.ico [] []
[2016-12-27 13:40:34] router.WARNING: router not found:/coco [] []
[2016-12-27 13:40:34] router.WARNING: router not found:/src/Block/View/public/materialize/js/materialize.min.js [] []
[2016-12-27 13:40:34] router.WARNING: router not found:/src/Block/View/public/js/jQueryRotate.js [] []
[2016-12-27 13:40:34] router.WARNING: router not found:/favicon.ico [] []
[2016-12-27 13:40:52] router.WARNING: router not found:/src/Block/View/public/materialize/js/materialize.min.js [] []
[2016-12-27 13:40:52] router.WARNING: router not found:/src/Block/View/public/js/jQueryRotate.js [] []
[2016-12-27 13:40:52] router.WARNING: router not found:/favicon.ico [] []
[2016-12-27 13:40:53] router.WARNING: router not found:/src/Block/View/public/materialize/js/materialize.min.js [] []
[2016-12-27 13:40:53] router.WARNING: router not found:/src/Block/View/public/js/jQueryRotate.js [] []
[2016-12-27 13:40:53] router.WARNING: router not found:/favicon.ico [] []
[2016-12-27 13:41:25] router.WARNING: router not found:/favicon.ico [] []
[2016-12-27 13:41:30] router.WARNING: router not found:/src/Block/View/public/materialize/js/materialize.min.js [] []
[2016-12-27 13:41:30] router.WARNING: router not found:/src/Block/View/public/js/jQueryRotate.js [] []
[2016-12-27 13:41:30] router.WARNING: router not found:/favicon.ico [] []
[2016-12-27 13:41:44] router.WARNING: router not found:/favicon.ico [] []
[2016-12-27 13:42:26] router.WARNING: router not found:/favicon.ico [] []
[2016-12-27 13:43:23] router.WARNING: router not found:/favicon.ico [] []
[2016-12-27 13:43:26] router.WARNING: router not found:/coo [] []
[2016-12-27 13:43:26] router.WARNING: router not found:/favicon.ico [] []
[2016-12-27 13:43:35] router.WARNING: router not found:/coo [] []
[2016-12-27 13:43:35] router.WARNING: router not found:/favicon.ico [] []
[2016-12-27 13:46:46] router.WARNING: router not found:/coo [] []
[2016-12-27 13:46:46] router.WARNING: router not found:/favicon.ico [] []
[2016-12-27 14:54:20] router.WARNING: router not found:/src/Block/View/public/js/jQueryRotate.js [] []
[2016-12-27 14:54:20] router.WARNING: router not found:/src/Block/View/public/materialize/js/materialize.min.js [] []
[2016-12-27 14:54:20] router.WARNING: router not found:/favicon.ico [] []
[2016-12-27 14:54:24] router.WARNING: router not found:/cooco [] []
[2016-12-27 14:54:24] router.WARNING: router not found:/favicon.ico [] []
[2016-12-27 14:55:42] router.WARNING: router not found:/cooco [] []
[2016-12-27 14:55:42] router.WARNING: router not found:/favicon.ico [] []
[2016-12-27 14:56:37] router.WARNING: router not found:/cooco [] []
[2016-12-27 14:56:37] router.WARNING: router not found:/favicon.ico [] []
[2016-12-27 14:56:47] router.WARNING: router not found:/cooco [] []
[2016-12-27 14:56:47] router.WARNING: router not found:/favicon.ico [] []
[2016-12-27 14:56:53] router.WARNING: router not found:/cooco [] []
[2016-12-27 14:56:53] router.WARNING: router not found:/favicon.ico [] []
[2016-12-27 14:58:32] router.WARNING: router not found:/cooco [] []
[2016-12-27 14:58:32] router.WARNING: router not found:/favicon.ico [] []
[2016-12-27 14:59:05] router.WARNING: router not found:/cooco [] []
[2016-12-27 14:59:05] router.WARNING: router not found:/favicon.ico [] []
[2016-12-27 14:59:32] router.WARNING: router not found:/cooco [] []
[2016-12-27 14:59:32] router.WARNING: router not found:/favicon.ico [] []
[2016-12-27 15:04:44] router.WARNING: router not found:/cooco [] []
[2016-12-27 15:04:44] router.WARNING: router not found:/favicon.ico [] []
[2016-12-27 15:05:30] router.WARNING: router not found:/cooco [] []
[2016-12-27 15:05:30] router.WARNING: router not found:/favicon.ico [] []
[2016-12-27 15:05:45] router.WARNING: router not found:/cooco [] []
[2016-12-27 15:05:45] router.WARNING: router not found:/cooco [] []
[2016-12-27 15:05:45] router.WARNING: router not found:/cooco [] []
[2016-12-27 15:05:45] router.WARNING: router not found:/cooco [] []
[2016-12-27 15:05:45] router.WARNING: router not found:/favicon.ico [] []
[2016-12-27 15:05:45] router.WARNING: router not found:/favicon.ico [] []
[2016-12-27 15:05:45] router.WARNING: router not found:/favicon.ico [] []
[2016-12-27 15:05:45] router.WARNING: router not found:/favicon.ico [] []
[2016-12-27 15:06:30] router.WARNING: router not found:/cooco [] []
[2016-12-27 15:06:31] router.WARNING: router not found:/favicon.ico [] []
[2016-12-27 15:08:21] router.WARNING: router not found:/cooco [] []
[2016-12-27 15:08:21] router.WARNING: router not found:/cooco [] []
[2016-12-27 15:08:21] router.WARNING: router not found:/cooco [] []
[2016-12-27 15:08:21] router.WARNING: router not found:/cooco [] []
[2016-12-27 15:08:21] router.WARNING: router not found:/favicon.ico [] []
[2016-12-27 15:08:21] router.WARNING: router not found:/favicon.ico [] []
[2016-12-27 15:08:21] router.WARNING: router not found:/favicon.ico [] []
[2016-12-27 15:08:21] router.WARNING: router not found:/favicon.ico [] []
[2016-12-27 15:09:18] router.WARNING: router not found:/src/Block/View/public/js/jQueryRotate.js [] []
[2016-12-27 15:09:18] router.WARNING: router not found:/src/Block/View/public/js/jQueryRotate.js [] []
[2016-12-27 15:09:18] router.WARNING: router not found:/src/Block/View/public/js/jQueryRotate.js [] []
[2016-12-27 15:09:18] router.WARNING: router not found:/src/Block/View/public/js/jQueryRotate.js [] []
[2016-12-27 15:09:18] router.WARNING: router not found:/src/Block/View/public/materialize/js/materialize.min.js [] []
[2016-12-27 15:09:18] router.WARNING: router not found:/src/Block/View/public/materialize/js/materialize.min.js [] []
[2016-12-27 15:09:18] router.WARNING: router not found:/src/Block/View/public/materialize/js/materialize.min.js [] []
[2016-12-27 15:09:18] router.WARNING: router not found:/src/Block/View/public/materialize/js/materialize.min.js [] []
[2016-12-27 15:09:18] router.WARNING: router not found:/favicon.ico [] []
[2016-12-27 15:09:18] router.WARNING: router not found:/favicon.ico [] []
[2016-12-27 15:09:18] router.WARNING: router not found:/favicon.ico [] []
[2016-12-27 15:09:18] router.WARNING: router not found:/favicon.ico [] []
[2016-12-27 15:10:10] router.WARNING: router not found:/src/Block/View/public/materialize/js/materialize.min.js [] []
[2016-12-27 15:10:10] router.WARNING: router not found:/src/Block/View/public/materialize/js/materialize.min.js [] []
[2016-12-27 15:10:10] router.WARNING: router not found:/src/Block/View/public/materialize/js/materialize.min.js [] []
[2016-12-27 15:10:10] router.WARNING: router not found:/src/Block/View/public/materialize/js/materialize.min.js [] []
[2016-12-27 15:10:10] router.WARNING: router not found:/src/Block/View/public/js/jQueryRotate.js [] []
[2016-12-27 15:10:10] router.WARNING: router not found:/src/Block/View/public/js/jQueryRotate.js [] []
[2016-12-27 15:10:10] router.WARNING: router not found:/src/Block/View/public/js/jQueryRotate.js [] []
[2016-12-27 15:10:10] router.WARNING: router not found:/src/Block/View/public/js/jQueryRotate.js [] []
[2016-12-27 15:10:10] router.WARNING: router not found:/favicon.ico [] []
[2016-12-27 15:10:10] router.WARNING: router not found:/favicon.ico [] []
[2016-12-27 15:10:10] router.WARNING: router not found:/favicon.ico [] []
[2016-12-27 15:10:10] router.WARNING: router not found:/favicon.ico [] []
[2016-12-27 15:10:13] router.WARNING: router not found:/czxczxc [] []
[2016-12-27 15:10:13] router.WARNING: router not found:/czxczxc [] []
[2016-12-27 15:10:13] router.WARNING: router not found:/czxczxc [] []
[2016-12-27 15:10:13] router.WARNING: router not found:/czxczxc [] []
[2016-12-27 15:10:13] router.WARNING: router not found:/favicon.ico [] []
[2016-12-27 15:10:13] router.WARNING: router not found:/favicon.ico [] []
[2016-12-27 15:10:13] router.WARNING: router not found:/favicon.ico [] []
[2016-12-27 15:10:13] router.WARNING: router not found:/favicon.ico [] []
[2016-12-27 15:11:11] router.WARNING: router not found:/czxczxc [] []
[2016-12-27 15:11:11] router.WARNING: router not found:/czxczxc [] []
[2016-12-27 15:11:11] router.WARNING: router not found:/czxczxc [] []
[2016-12-27 15:11:11] router.WARNING: router not found:/czxczxc [] []
[2016-12-27 15:11:11] router.WARNING: router not found:/favicon.ico [] []
[2016-12-27 15:11:11] router.WARNING: router not found:/favicon.ico [] []
[2016-12-27 15:11:11] router.WARNING: router not found:/favicon.ico [] []
[2016-12-27 15:11:11] router.WARNING: router not found:/favicon.ico [] []
[2016-12-27 15:11:12] router.WARNING: router not found:/czxczxc [] []
[2016-12-27 15:11:12] router.WARNING: router not found:/czxczxc [] []
[2016-12-27 15:11:12] router.WARNING: router not found:/czxczxc [] []
[2016-12-27 15:11:12] router.WARNING: router not found:/czxczxc [] []
[2016-12-27 15:11:12] router.WARNING: router not found:/favicon.ico [] []
[2016-12-27 15:11:12] router.WARNING: router not found:/favicon.ico [] []
[2016-12-27 15:11:12] router.WARNING: router not found:/favicon.ico [] []
[2016-12-27 15:11:12] router.WARNING: router not found:/favicon.ico [] []
[2016-12-27 15:13:04] router.WARNING: router not found:/czxczxc [] []
[2016-12-27 15:13:04] router.WARNING: router not found:/czxczxc [] []
[2016-12-27 15:13:04] router.WARNING: router not found:/favicon.ico [] []
[2016-12-27 15:13:04] router.WARNING: router not found:/favicon.ico [] []
[2016-12-27 15:14:52] router.WARNING: router not found:/czxczxc [] []
[2016-12-27 15:14:52] router.WARNING: router not found:/czxczxc [] []
[2016-12-27 15:14:52] router.WARNING: router not found:/favicon.ico [] []
[2016-12-27 15:14:52] router.WARNING: router not found:/favicon.ico [] []
[2016-12-27 15:16:27] router.WARNING: router not found:/czxczxc [] []
[2016-12-27 15:16:27] router.WARNING: router not found:/czxczxc [] []
[2016-12-27 15:16:27] router.WARNING: router not found:/favicon.ico [] []
[2016-12-27 15:16:27] router.WARNING: router not found:/favicon.ico [] []
[2016-12-27 15:16:38] router.WARNING: router not found:/czxczxc [] []
[2016-12-27 15:16:38] router.WARNING: router not found:/czxczxc [] []
[2016-12-27 15:16:39] router.WARNING: router not found:/favicon.ico [] []
[2016-12-27 15:16:39] router.WARNING: router not found:/favicon.ico [] []
[2016-12-27 15:16:45] router.WARNING: router not found:/czxczxc [] []
[2016-12-27 15:16:45] router.WARNING: router not found:/czxczxc [] []
[2016-12-27 15:16:45] router.WARNING: router not found:/favicon.ico [] []
[2016-12-27 15:16:45] router.WARNING: router not found:/favicon.ico [] []
[2016-12-27 15:16:57] router.WARNING: router not found:/czxczxc [] []
[2016-12-27 15:16:57] router.WARNING: router not found:/czxczxc [] []
[2016-12-27 15:16:57] router.WARNING: router not found:/favicon.ico [] []
[2016-12-27 15:16:57] router.WARNING: router not found:/favicon.ico [] []
[2016-12-27 15:17:05] router.WARNING: router not found:/czxczxc [] []
[2016-12-27 15:17:05] router.WARNING: router not found:/czxczxc [] []
[2016-12-27 15:17:05] router.WARNING: router not found:/favicon.ico [] []
[2016-12-27 15:17:05] router.WARNING: router not found:/favicon.ico [] []
[2016-12-27 15:18:23] router.WARNING: router not found:/czxczxc [] []
[2016-12-27 15:18:23] router.WARNING: router not found:/czxczxc [] []
[2016-12-27 15:18:23] router.WARNING: router not found:/czxczxc [] []
[2016-12-27 15:18:23] router.WARNING: router not found:/czxczxc [] []
[2016-12-27 15:18:23] router.WARNING: router not found:/favicon.ico [] []
[2016-12-27 15:18:23] router.WARNING: router not found:/favicon.ico [] []
[2016-12-27 15:18:23] router.WARNING: router not found:/favicon.ico [] []
[2016-12-27 15:18:23] router.WARNING: router not found:/favicon.ico [] []
[2016-12-27 15:18:25] router.WARNING: router not found:/czxczxc [] []
[2016-12-27 15:18:25] router.WARNING: router not found:/czxczxc [] []
[2016-12-27 15:18:25] router.WARNING: router not found:/czxczxc [] []
[2016-12-27 15:18:25] router.WARNING: router not found:/czxczxc [] []
[2016-12-27 15:18:25] router.WARNING: router not found:/favicon.ico [] []
[2016-12-27 15:18:25] router.WARNING: router not found:/favicon.ico [] []
[2016-12-27 15:18:25] router.WARNING: router not found:/favicon.ico [] []
[2016-12-27 15:18:25] router.WARNING: router not found:/favicon.ico [] []
[2016-12-27 15:19:27] router.WARNING: router not found:/czxczxc [] []
[2016-12-27 15:19:27] router.WARNING: router not found:/czxczxc [] []
[2016-12-27 15:19:27] router.WARNING: router not found:/favicon.ico [] []
[2016-12-27 15:19:27] router.WARNING: router not found:/favicon.ico [] []
[2016-12-27 15:23:37] router.WARNING: router not found:/czxczxc [] []
[2016-12-27 15:23:37] router.WARNING: router not found:/czxczxc [] []
[2016-12-27 15:23:37] router.WARNING: router not found:/favicon.ico [] []
[2016-12-27 15:23:37] router.WARNING: router not found:/favicon.ico [] []
[2016-12-27 15:24:19] router.WARNING: router not found:/czxczxc [] []
[2016-12-27 15:24:19] router.WARNING: router not found:/czxczxc [] []
[2016-12-27 15:24:19] router.WARNING: router not found:/favicon.ico [] []
[2016-12-27 15:24:19] router.WARNING: router not found:/favicon.ico [] []
[2016-12-27 15:24:44] router.WARNING: router not found:/czxczxc [] []
[2016-12-27 15:24:44] router.WARNING: router not found:/czxczxc [] []
[2016-12-27 15:24:44] router.WARNING: router not found:/favicon.ico [] []
[2016-12-27 15:24:44] router.WARNING: router not found:/favicon.ico [] []
[2016-12-27 15:24:57] router.WARNING: router not found:/czxczxc [] []
[2016-12-27 15:24:58] router.WARNING: router not found:/czxczxc [] []
[2016-12-27 15:24:58] router.WARNING: router not found:/favicon.ico [] []
[2016-12-27 15:24:58] router.WARNING: router not found:/favicon.ico [] []
[2016-12-27 15:26:48] router.WARNING: router not found:/czxczxc [] []
[2016-12-27 15:26:48] router.WARNING: router not found:/czxczxc [] []
[2016-12-27 15:26:48] router.WARNING: router not found:/czxczxc [] []
[2016-12-27 15:26:48] router.WARNING: router not found:/czxczxc [] []
[2016-12-27 15:26:48] router.WARNING: router not found:/favicon.ico [] []
[2016-12-27 15:26:48] router.WARNING: router not found:/favicon.ico [] []
[2016-12-27 15:26:48] router.WARNING: router not found:/favicon.ico [] []
[2016-12-27 15:26:48] router.WARNING: router not found:/favicon.ico [] []
[2016-12-27 15:28:00] router.WARNING: router not found:/czxczxc [] []
[2016-12-27 15:28:00] router.WARNING: router not found:/czxczxc [] []
[2016-12-27 15:28:00] router.WARNING: router not found:/czxczxc [] []
[2016-12-27 15:28:00] router.WARNING: router not found:/favicon.ico [] []
[2016-12-27 15:28:00] router.WARNING: router not found:/favicon.ico [] []
[2016-12-27 15:28:00] router.WARNING: router not found:/favicon.ico [] []
[2016-12-27 15:28:51] router.WARNING: router not found:/czxczxc [] []
[2016-12-27 15:28:51] router.WARNING: router not found:/czxczxc [] []
[2016-12-27 15:28:51] router.WARNING: router not found:/czxczxc [] []
[2016-12-27 15:28:51] router.WARNING: router not found:/favicon.ico [] []
[2016-12-27 15:28:51] router.WARNING: router not found:/favicon.ico [] []
[2016-12-27 15:28:51] router.WARNING: router not found:/favicon.ico [] []
[2016-12-27 15:29:18] router.WARNING: router not found:/czxczxc [] []
[2016-12-27 15:29:18] router.WARNING: router not found:/czxczxc [] []
[2016-12-27 15:29:19] router.WARNING: router not found:/favicon.ico [] []
[2016-12-27 15:29:19] router.WARNING: router not found:/favicon.ico [] []
[2016-12-27 15:30:03] router.WARNING: router not found:/czxczxc [] []
[2016-12-27 15:30:03] router.WARNING: router not found:/czxczxc [] []
[2016-12-27 15:30:03] router.WARNING: router not found:/favicon.ico [] []
[2016-12-27 15:30:03] router.WARNING: router not found:/favicon.ico [] []
[2016-12-27 15:30:19] router.WARNING: router not found:/czxczxc [] []
[2016-12-27 15:30:19] router.WARNING: router not found:/czxczxc [] []
[2016-12-27 15:30:19] router.WARNING: router not found:/favicon.ico [] []
[2016-12-27 15:30:19] router.WARNING: router not found:/favicon.ico [] []
[2016-12-27 15:30:20] router.WARNING: router not found:/czxczxc [] []
[2016-12-27 15:30:20] router.WARNING: router not found:/czxczxc [] []
[2016-12-27 15:30:20] router.WARNING: router not found:/favicon.ico [] []
[2016-12-27 15:30:20] router.WARNING: router not found:/favicon.ico [] []
[2016-12-27 15:30:31] router.WARNING: router not found:/czxczxc [] []
[2016-12-27 15:30:31] router.WARNING: router not found:/czxczxc [] []
[2016-12-27 15:30:32] router.WARNING: router not found:/favicon.ico [] []
[2016-12-27 15:30:32] router.WARNING: router not found:/favicon.ico [] []
[2016-12-27 15:30:32] router.WARNING: router not found:/czxczxc [] []
[2016-12-27 15:30:32] router.WARNING: router not found:/czxczxc [] []
[2016-12-27 15:30:32] router.WARNING: router not found:/favicon.ico [] []
[2016-12-27 15:30:32] router.WARNING: router not found:/favicon.ico [] []
[2016-12-27 15:30:43] router.WARNING: router not found:/czxczxc [] []
[2016-12-27 15:30:43] router.WARNING: router not found:/czxczxc [] []
[2016-12-27 15:30:43] router.WARNING: router not found:/favicon.ico [] []
[2016-12-27 15:30:43] router.WARNING: router not found:/favicon.ico [] []
[2016-12-27 15:31:48] router.WARNING: router not found:/czxczxc [] []
[2016-12-27 15:31:48] router.WARNING: router not found:/czxczxc [] []
[2016-12-27 15:31:48] router.WARNING: router not found:/czxczxc [] []
[2016-12-27 15:31:48] router.WARNING: router not found:/favicon.ico [] []
[2016-12-27 15:31:48] router.WARNING: router not found:/favicon.ico [] []
[2016-12-27 15:31:48] router.WARNING: router not found:/favicon.ico [] []
[2016-12-27 15:32:24] router.WARNING: router not found:/czxczxc [] []
[2016-12-27 15:32:24] router.WARNING: router not found:/czxczxc [] []
[2016-12-27 15:32:24] router.WARNING: router not found:/czxczxc [] []
[2016-12-27 15:32:24] router.WARNING: router not found:/favicon.ico [] []
[2016-12-27 15:32:24] router.WARNING: router not found:/favicon.ico [] []
[2016-12-27 15:32:24] router.WARNING: router not found:/favicon.ico [] []
[2016-12-27 15:32:39] router.WARNING: router not found:/czxczxc [] []
[2016-12-27 15:32:39] router.WARNING: router not found:/czxczxc [] []
[2016-12-27 15:32:39] router.WARNING: router not found:/czxczxc [] []
[2016-12-27 15:32:39] router.WARNING: router not found:/czxczxc [] []
[2016-12-27 15:32:39] router.WARNING: router not found:/czxczxc [] []
[2016-12-27 15:32:39] router.WARNING: router not found:/favicon.ico [] []
[2016-12-27 15:32:39] router.WARNING: router not found:/favicon.ico [] []
[2016-12-27 15:32:39] router.WARNING: router not found:/favicon.ico [] []
[2016-12-27 15:32:39] router.WARNING: router not found:/favicon.ico [] []
[2016-12-27 15:32:39] router.WARNING: router not found:/favicon.ico [] []
[2016-12-27 15:34:17] router.WARNING: router not found:/czxczxc [] []
[2016-12-27 15:34:17] router.WARNING: router not found:/czxczxc [] []
[2016-12-27 15:34:17] router.WARNING: router not found:/czxczxc [] []
[2016-12-27 15:34:17] router.WARNING: router not found:/czxczxc [] []
[2016-12-27 15:34:17] router.WARNING: router not found:/czxczxc [] []
[2016-12-27 15:34:17] router.WARNING: router not found:/src/Block/View/public/materialize/js/materialize.min.js [] []
[2016-12-27 15:34:17] router.WARNING: router not found:/src/Block/View/public/materialize/js/materialize.min.js [] []
[2016-12-27 15:34:17] router.WARNING: router not found:/src/Block/View/public/materialize/js/materialize.min.js [] []
[2016-12-27 15:34:17] router.WARNING: router not found:/src/Block/View/public/js/jQueryRotate.js [] []
[2016-12-27 15:34:17] router.WARNING: router not found:/src/Block/View/public/js/jQueryRotate.js [] []
[2016-12-27 15:34:17] router.WARNING: router not found:/src/Block/View/public/js/jQueryRotate.js [] []
[2016-12-27 15:34:17] router.WARNING: router not found:/src/Block/View/public/js/jQueryRotate.js [] []
[2016-12-27 15:34:17] router.WARNING: router not found:/src/Block/View/public/js/jQueryRotate.js [] []
[2016-12-27 15:34:18] router.WARNING: router not found:/src/Block/View/public/materialize/js/materialize.min.js [] []
[2016-12-27 15:34:18] router.WARNING: router not found:/src/Block/View/public/materialize/js/materialize.min.js [] []
[2016-12-27 15:34:18] router.WARNING: router not found:/favicon.ico [] []
[2016-12-27 15:34:18] router.WARNING: router not found:/favicon.ico [] []
[2016-12-27 15:34:18] router.WARNING: router not found:/favicon.ico [] []
[2016-12-27 15:34:18] router.WARNING: router not found:/favicon.ico [] []
[2016-12-27 15:34:18] router.WARNING: router not found:/favicon.ico [] []
[2016-12-27 15:34:38] router.WARNING: router not found:/fkjsdhfjhsdf [] []
[2016-12-27 15:34:38] router.WARNING: router not found:/fkjsdhfjhsdf [] []
[2016-12-27 15:34:38] router.WARNING: router not found:/fkjsdhfjhsdf [] []
[2016-12-27 15:34:38] router.WARNING: router not found:/fkjsdhfjhsdf [] []
[2016-12-27 15:34:38] router.WARNING: router not found:/fkjsdhfjhsdf [] []
[2016-12-27 15:34:38] router.WARNING: router not found:/src/Block/View/public/materialize/js/materialize.min.js [] []
[2016-12-27 15:34:38] router.WARNING: router not found:/src/Block/View/public/materialize/js/materialize.min.js [] []
[2016-12-27 15:34:38] router.WARNING: router not found:/src/Block/View/public/materialize/js/materialize.min.js [] []
[2016-12-27 15:34:38] router.WARNING: router not found:/src/Block/View/public/materialize/js/materialize.min.js [] []
[2016-12-27 15:34:38] router.WARNING: router not found:/src/Block/View/public/materialize/js/materialize.min.js [] []
[2016-12-27 15:34:38] router.WARNING: router not found:/src/Block/View/public/js/jQueryRotate.js [] []
[2016-12-27 15:34:38] router.WARNING: router not found:/src/Block/View/public/js/jQueryRotate.js [] []
[2016-12-27 15:34:38] router.WARNING: router not found:/src/Block/View/public/js/jQueryRotate.js [] []
[2016-12-27 15:34:38] router.WARNING: router not found:/src/Block/View/public/js/jQueryRotate.js [] []
[2016-12-27 15:34:38] router.WARNING: router not found:/src/Block/View/public/js/jQueryRotate.js [] []
[2016-12-27 15:34:39] router.WARNING: router not found:/favicon.ico [] []
[2016-12-27 15:34:39] router.WARNING: router not found:/favicon.ico [] []
[2016-12-27 15:34:39] router.WARNING: router not found:/favicon.ico [] []
[2016-12-27 15:34:39] router.WARNING: router not found:/favicon.ico [] []
[2016-12-27 15:34:39] router.WARNING: router not found:/favicon.ico [] []
[2016-12-27 15:45:13] router.WARNING: router not found:/dfdsfdf [] []
[2016-12-27 15:45:13] router.WARNING: router not found:/dfdsfdf [] []
[2016-12-27 15:45:13] router.WARNING: router not found:/dfdsfdf [] []
[2016-12-27 15:45:13] router.WARNING: router not found:/dfdsfdf [] []
[2016-12-27 15:45:13] router.WARNING: router not found:/dfdsfdf [] []
[2016-12-27 15:45:13] router.WARNING: router not found:/src/Block/View/public/materialize/js/materialize.min.js [] []
[2016-12-27 15:45:13] router.WARNING: router not found:/src/Block/View/public/materialize/js/materialize.min.js [] []
[2016-12-27 15:45:13] router.WARNING: router not found:/src/Block/View/public/materialize/js/materialize.min.js [] []
[2016-12-27 15:45:13] router.WARNING: router not found:/src/Block/View/public/js/jQueryRotate.js [] []
[2016-12-27 15:45:13] router.WARNING: router not found:/src/Block/View/public/js/jQueryRotate.js [] []
[2016-12-27 15:45:13] router.WARNING: router not found:/src/Block/View/public/materialize/js/materialize.min.js [] []
[2016-12-27 15:45:13] router.WARNING: router not found:/src/Block/View/public/js/jQueryRotate.js [] []
[2016-12-27 15:45:13] router.WARNING: router not found:/src/Block/View/public/materialize/js/materialize.min.js [] []
[2016-12-27 15:45:13] router.WARNING: router not found:/src/Block/View/public/js/jQueryRotate.js [] []
[2016-12-27 15:45:13] router.WARNING: router not found:/src/Block/View/public/js/jQueryRotate.js [] []
[2016-12-27 15:45:13] router.WARNING: router not found:/favicon.ico [] []
[2016-12-27 15:45:13] router.WARNING: router not found:/favicon.ico [] []
[2016-12-27 15:45:13] router.WARNING: router not found:/favicon.ico [] []
[2016-12-27 15:45:13] router.WARNING: router not found:/favicon.ico [] []
[2016-12-27 15:45:13] router.WARNING: router not found:/favicon.ico [] []
[2016-12-27 15:46:33] router.WARNING: router not found:/dfdsfdf [] []
[2016-12-27 15:46:33] router.WARNING: router not found:/dfdsfdf [] []
[2016-12-27 15:46:33] router.WARNING: router not found:/dfdsfdf [] []
[2016-12-27 15:46:33] router.WARNING: router not found:/dfdsfdf [] []
[2016-12-27 15:46:33] router.WARNING: router not found:/dfdsfdf [] []
[2016-12-27 15:46:33] router.WARNING: router not found:/src/Block/View/public/materialize/js/materialize.min.js [] []
[2016-12-27 15:46:33] router.WARNING: router not found:/src/Block/View/public/materialize/js/materialize.min.js [] []
[2016-12-27 15:46:33] router.WARNING: router not found:/src/Block/View/public/materialize/js/materialize.min.js [] []
[2016-12-27 15:46:33] router.WARNING: router not found:/src/Block/View/public/materialize/js/materialize.min.js [] []
[2016-12-27 15:46:33] router.WARNING: router not found:/src/Block/View/public/materialize/js/materialize.min.js [] []
[2016-12-27 15:46:33] router.WARNING: router not found:/src/Block/View/public/js/jQueryRotate.js [] []
[2016-12-27 15:46:33] router.WARNING: router not found:/src/Block/View/public/js/jQueryRotate.js [] []
[2016-12-27 15:46:33] router.WARNING: router not found:/src/Block/View/public/js/jQueryRotate.js [] []
[2016-12-27 15:46:33] router.WARNING: router not found:/src/Block/View/public/js/jQueryRotate.js [] []
[2016-12-27 15:46:33] router.WARNING: router not found:/src/Block/View/public/js/jQueryRotate.js [] []
[2016-12-27 15:46:33] router.WARNING: router not found:/favicon.ico [] []
[2016-12-27 15:46:33] router.WARNING: router not found:/favicon.ico [] []
[2016-12-27 15:46:33] router.WARNING: router not found:/favicon.ico [] []
[2016-12-27 15:46:33] router.WARNING: router not found:/favicon.ico [] []
[2016-12-27 15:46:33] router.WARNING: router not found:/favicon.ico [] []
[2016-12-27 15:46:57] router.WARNING: router not found:/favicon.ico [] []
[2016-12-27 15:46:57] router.WARNING: router not found:/favicon.ico [] []
[2016-12-27 15:46:58] router.WARNING: router not found:/favicon.ico [] []
[2016-12-27 15:46:58] router.WARNING: router not found:/favicon.ico [] []
[2016-12-27 15:46:58] router.WARNING: router not found:/favicon.ico [] []
[2016-12-27 15:46:58] router.WARNING: router not found:/favicon.ico [] []
[2016-12-27 15:46:58] router.WARNING: router not found:/favicon.ico [] []
[2016-12-27 15:46:58] router.WARNING: router not found:/favicon.ico [] []
[2016-12-27 15:46:58] router.WARNING: router not found:/favicon.ico [] []
[2016-12-27 15:46:58] router.WARNING: router not found:/favicon.ico [] []
[2016-12-27 15:49:58] router.WARNING: router not found:/favicon.ico [] []
[2016-12-27 15:49:58] router.WARNING: router not found:/favicon.ico [] []
[2016-12-27 15:49:58] router.WARNING: router not found:/favicon.ico [] []
[2016-12-27 15:49:58] router.WARNING: router not found:/favicon.ico [] []
[2016-12-27 15:49:58] router.WARNING: router not found:/favicon.ico [] []
[2016-12-27 15:50:13] router.WARNING: router not found:/src/Block/View/public/materialize/js/materialize.min.js [] []
[2016-12-27 15:50:13] router.WARNING: router not found:/src/Block/View/public/materialize/js/materialize.min.js [] []
[2016-12-27 15:50:13] router.WARNING: router not found:/src/Block/View/public/materialize/js/materialize.min.js [] []
[2016-12-27 15:50:13] router.WARNING: router not found:/src/Block/View/public/js/jQueryRotate.js [] []
[2016-12-27 15:50:13] router.WARNING: router not found:/src/Block/View/public/js/jQueryRotate.js [] []
[2016-12-27 15:50:13] router.WARNING: router not found:/src/Block/View/public/js/jQueryRotate.js [] []
[2016-12-27 15:50:13] router.WARNING: router not found:/src/Block/View/public/materialize/js/materialize.min.js [] []
[2016-12-27 15:50:13] router.WARNING: router not found:/src/Block/View/public/materialize/js/materialize.min.js [] []
[2016-12-27 15:50:13] router.WARNING: router not found:/src/Block/View/public/js/jQueryRotate.js [] []
[2016-12-27 15:50:13] router.WARNING: router not found:/src/Block/View/public/js/jQueryRotate.js [] []
[2016-12-27 15:50:13] router.WARNING: router not found:/favicon.ico [] []
[2016-12-27 15:50:13] router.WARNING: router not found:/favicon.ico [] []
[2016-12-27 15:50:13] router.WARNING: router not found:/favicon.ico [] []
[2016-12-27 15:50:13] router.WARNING: router not found:/favicon.ico [] []
[2016-12-27 15:50:13] router.WARNING: router not found:/favicon.ico [] []
[2016-12-27 15:51:13] router.WARNING: router not found:/src/Block/View/public/materialize/js/materialize.min.js [] []
[2016-12-27 15:51:13] router.WARNING: router not found:/src/Block/View/public/materialize/js/materialize.min.js [] []
[2016-12-27 15:51:13] router.WARNING: router not found:/src/Block/View/public/materialize/js/materialize.min.js [] []
[2016-12-27 15:51:13] router.WARNING: router not found:/src/Block/View/public/materialize/js/materialize.min.js [] []
[2016-12-27 15:51:13] router.WARNING: router not found:/src/Block/View/public/materialize/js/materialize.min.js [] []
[2016-12-27 15:51:13] router.WARNING: router not found:/src/Block/View/public/js/jQueryRotate.js [] []
[2016-12-27 15:51:13] router.WARNING: router not found:/src/Block/View/public/js/jQueryRotate.js [] []
[2016-12-27 15:51:13] router.WARNING: router not found:/src/Block/View/public/js/jQueryRotate.js [] []
[2016-12-27 15:51:13] router.WARNING: router not found:/src/Block/View/public/js/jQueryRotate.js [] []
[2016-12-27 15:51:13] router.WARNING: router not found:/src/Block/View/public/js/jQueryRotate.js [] []
[2016-12-27 15:51:14] router.WARNING: router not found:/favicon.ico [] []
[2016-12-27 15:51:14] router.WARNING: router not found:/favicon.ico [] []
[2016-12-27 15:51:14] router.WARNING: router not found:/favicon.ico [] []
[2016-12-27 15:51:14] router.WARNING: router not found:/favicon.ico [] []
[2016-12-27 15:51:14] router.WARNING: router not found:/favicon.ico [] []
[2016-12-27 15:51:20] router.WARNING: router not found:/src/Block/View/public/materialize/js/materialize.min.js [] []
[2016-12-27 15:51:20] router.WARNING: router not found:/src/Block/View/public/materialize/js/materialize.min.js [] []
[2016-12-27 15:51:20] router.WARNING: router not found:/src/Block/View/public/materialize/js/materialize.min.js [] []
[2016-12-27 15:51:20] router.WARNING: router not found:/src/Block/View/public/materialize/js/materialize.min.js [] []
[2016-12-27 15:51:20] router.WARNING: router not found:/src/Block/View/public/materialize/js/materialize.min.js [] []
[2016-12-27 15:51:20] router.WARNING: router not found:/src/Block/View/public/js/jQueryRotate.js [] []
[2016-12-27 15:51:20] router.WARNING: router not found:/src/Block/View/public/js/jQueryRotate.js [] []
[2016-12-27 15:51:20] router.WARNING: router not found:/src/Block/View/public/js/jQueryRotate.js [] []
[2016-12-27 15:51:20] router.WARNING: router not found:/src/Block/View/public/js/jQueryRotate.js [] []
[2016-12-27 15:51:20] router.WARNING: router not found:/src/Block/View/public/js/jQueryRotate.js [] []
[2016-12-27 15:51:20] router.WARNING: router not found:/favicon.ico [] []
[2016-12-27 15:51:20] router.WARNING: router not found:/favicon.ico [] []
[2016-12-27 15:51:20] router.WARNING: router not found:/favicon.ico [] []
[2016-12-27 15:51:21] router.WARNING: router not found:/favicon.ico [] []
[2016-12-27 15:51:21] router.WARNING: router not found:/favicon.ico [] []
[2016-12-27 15:51:22] router.WARNING: router not found:/src/Block/View/public/materialize/js/materialize.min.js [] []
[2016-12-27 15:51:22] router.WARNING: router not found:/src/Block/View/public/materialize/js/materialize.min.js [] []
[2016-12-27 15:51:22] router.WARNING: router not found:/src/Block/View/public/materialize/js/materialize.min.js [] []
[2016-12-27 15:51:22] router.WARNING: router not found:/src/Block/View/public/js/jQueryRotate.js [] []
[2016-12-27 15:51:22] router.WARNING: router not found:/src/Block/View/public/js/jQueryRotate.js [] []
[2016-12-27 15:51:22] router.WARNING: router not found:/src/Block/View/public/js/jQueryRotate.js [] []
[2016-12-27 15:51:22] router.WARNING: router not found:/src/Block/View/public/js/jQueryRotate.js [] []
[2016-12-27 15:51:22] router.WARNING: router not found:/src/Block/View/public/js/jQueryRotate.js [] []
[2016-12-27 15:51:22] router.WARNING: router not found:/src/Block/View/public/materialize/js/materialize.min.js [] []
[2016-12-27 15:51:22] router.WARNING: router not found:/src/Block/View/public/materialize/js/materialize.min.js [] []
[2016-12-27 15:51:22] router.WARNING: router not found:/favicon.ico [] []
[2016-12-27 15:51:22] router.WARNING: router not found:/favicon.ico [] []
[2016-12-27 15:51:22] router.WARNING: router not found:/favicon.ico [] []
[2016-12-27 15:51:22] router.WARNING: router not found:/favicon.ico [] []
[2016-12-27 15:51:22] router.WARNING: router not found:/favicon.ico [] []
[2016-12-27 15:51:26] router.WARNING: router not found:/favicon.ico [] []
[2016-12-27 15:51:26] router.WARNING: router not found:/favicon.ico [] []
[2016-12-27 15:51:26] router.WARNING: router not found:/favicon.ico [] []
[2016-12-27 15:51:26] router.WARNING: router not found:/favicon.ico [] []
[2016-12-27 15:51:26] router.WARNING: router not found:/favicon.ico [] []
[2016-12-27 15:51:30] router.WARNING: router not found:/admin/register2 [] []
[2016-12-27 15:51:30] router.WARNING: router not found:/admin/register2 [] []
[2016-12-27 15:51:30] router.WARNING: router not found:/admin/register2 [] []
[2016-12-27 15:51:30] router.WARNING: router not found:/admin/register2 [] []
[2016-12-27 15:51:30] router.WARNING: router not found:/admin/register2 [] []
[2016-12-27 15:51:30] router.WARNING: router not found:/src/Block/View/public/materialize/js/materialize.min.js [] []
[2016-12-27 15:51:30] router.WARNING: router not found:/src/Block/View/public/materialize/js/materialize.min.js [] []
[2016-12-27 15:51:30] router.WARNING: router not found:/src/Block/View/public/materialize/js/materialize.min.js [] []
[2016-12-27 15:51:30] router.WARNING: router not found:/src/Block/View/public/materialize/js/materialize.min.js [] []
[2016-12-27 15:51:30] router.WARNING: router not found:/src/Block/View/public/materialize/js/materialize.min.js [] []
[2016-12-27 15:51:30] router.WARNING: router not found:/src/Block/View/public/js/jQueryRotate.js [] []
[2016-12-27 15:51:31] router.WARNING: router not found:/src/Block/View/public/js/jQueryRotate.js [] []
[2016-12-27 15:51:31] router.WARNING: router not found:/src/Block/View/public/js/jQueryRotate.js [] []
[2016-12-27 15:51:31] router.WARNING: router not found:/src/Block/View/public/js/jQueryRotate.js [] []
[2016-12-27 15:51:31] router.WARNING: router not found:/src/Block/View/public/js/jQueryRotate.js [] []
[2016-12-27 15:51:31] router.WARNING: router not found:/favicon.ico [] []
[2016-12-27 15:51:31] router.WARNING: router not found:/favicon.ico [] []
[2016-12-27 15:51:31] router.WARNING: router not found:/favicon.ico [] []
[2016-12-27 15:51:31] router.WARNING: router not found:/favicon.ico [] []
[2016-12-27 15:51:31] router.WARNING: router not found:/favicon.ico [] []
[2016-12-27 15:53:30] router.WARNING: router not found:/admin/register2 [] []
[2016-12-27 15:53:30] router.WARNING: router not found:/admin/register2 [] []
[2016-12-27 15:53:30] router.WARNING: router not found:/admin/register2 [] []
[2016-12-27 15:53:30] router.WARNING: router not found:/admin/register2 [] []
[2016-12-27 15:53:30] router.WARNING: router not found:/admin/register2 [] []
[2016-12-27 15:53:30] router.WARNING: router not found:/src/Block/View/public/js/jQueryRotate.js [] []
[2016-12-27 15:53:30] router.WARNING: router not found:/src/Block/View/public/js/jQueryRotate.js [] []
[2016-12-27 15:53:30] router.WARNING: router not found:/src/Block/View/public/js/jQueryRotate.js [] []
[2016-12-27 15:53:30] router.WARNING: router not found:/src/Block/View/public/materialize/js/materialize.min.js [] []
[2016-12-27 15:53:30] router.WARNING: router not found:/src/Block/View/public/materialize/js/materialize.min.js [] []
[2016-12-27 15:53:30] router.WARNING: router not found:/src/Block/View/public/materialize/js/materialize.min.js [] []
[2016-12-27 15:53:30] router.WARNING: router not found:/src/Block/View/public/js/jQueryRotate.js [] []
[2016-12-27 15:53:30] router.WARNING: router not found:/src/Block/View/public/js/jQueryRotate.js [] []
[2016-12-27 15:53:30] router.WARNING: router not found:/src/Block/View/public/materialize/js/materialize.min.js [] []
[2016-12-27 15:53:30] router.WARNING: router not found:/src/Block/View/public/materialize/js/materialize.min.js [] []
[2016-12-27 15:53:30] router.WARNING: router not found:/favicon.ico [] []
[2016-12-27 15:53:30] router.WARNING: router not found:/favicon.ico [] []
[2016-12-27 15:53:30] router.WARNING: router not found:/favicon.ico [] []
[2016-12-27 15:53:31] router.WARNING: router not found:/favicon.ico [] []
[2016-12-27 15:53:31] router.WARNING: router not found:/favicon.ico [] []
[2016-12-27 15:54:14] router.WARNING: router not found:/admin/register2 [] []
[2016-12-27 15:54:14] router.WARNING: router not found:/admin/register2 [] []
[2016-12-27 15:54:14] router.WARNING: router not found:/admin/register2 [] []
[2016-12-27 15:54:14] router.WARNING: router not found:/admin/register2 [] []
[2016-12-27 15:54:14] router.WARNING: router not found:/admin/register2 [] []
[2016-12-27 15:54:14] router.WARNING: router not found:/src/Block/View/public/materialize/js/materialize.min.js [] []
[2016-12-27 15:54:14] router.WARNING: router not found:/src/Block/View/public/materialize/js/materialize.min.js [] []
[2016-12-27 15:54:14] router.WARNING: router not found:/src/Block/View/public/materialize/js/materialize.min.js [] []
[2016-12-27 15:54:14] router.WARNING: router not found:/src/Block/View/public/materialize/js/materialize.min.js [] []
[2016-12-27 15:54:14] router.WARNING: router not found:/src/Block/View/public/materialize/js/materialize.min.js [] []
[2016-12-27 15:54:14] router.WARNING: router not found:/src/Block/View/public/js/jQueryRotate.js [] []
[2016-12-27 15:54:14] router.WARNING: router not found:/src/Block/View/public/js/jQueryRotate.js [] []
[2016-12-27 15:54:14] router.WARNING: router not found:/src/Block/View/public/js/jQueryRotate.js [] []
[2016-12-27 15:54:14] router.WARNING: router not found:/src/Block/View/public/js/jQueryRotate.js [] []
[2016-12-27 15:54:14] router.WARNING: router not found:/src/Block/View/public/js/jQueryRotate.js [] []
[2016-12-27 15:54:14] router.WARNING: router not found:/favicon.ico [] []
[2016-12-27 15:54:14] router.WARNING: router not found:/favicon.ico [] []
[2016-12-27 15:54:14] router.WARNING: router not found:/favicon.ico [] []
[2016-12-27 15:54:14] router.WARNING: router not found:/favicon.ico [] []
[2016-12-27 15:54:14] router.WARNING: router not found:/favicon.ico [] []
[2016-12-27 15:54:22] router.WARNING: router not found:/src/Block/View/public/js/jQueryRotate.js [] []
[2016-12-27 15:54:22] router.WARNING: router not found:/src/Block/View/public/js/jQueryRotate.js [] []
[2016-12-27 15:54:22] router.WARNING: router not found:/src/Block/View/public/js/jQueryRotate.js [] []
[2016-12-27 15:54:22] router.WARNING: router not found:/src/Block/View/public/js/jQueryRotate.js [] []
[2016-12-27 15:54:22] router.WARNING: router not found:/src/Block/View/public/js/jQueryRotate.js [] []
[2016-12-27 15:54:22] router.WARNING: router not found:/src/Block/View/public/materialize/js/materialize.min.js [] []
[2016-12-27 15:54:22] router.WARNING: router not found:/src/Block/View/public/materialize/js/materialize.min.js [] []
[2016-12-27 15:54:22] router.WARNING: router not found:/src/Block/View/public/materialize/js/materialize.min.js [] []
[2016-12-27 15:54:22] router.WARNING: router not found:/src/Block/View/public/materialize/js/materialize.min.js [] []
[2016-12-27 15:54:22] router.WARNING: router not found:/src/Block/View/public/materialize/js/materialize.min.js [] []
[2016-12-27 15:54:22] router.WARNING: router not found:/favicon.ico [] []
[2016-12-27 15:54:22] router.WARNING: router not found:/favicon.ico [] []
[2016-12-27 15:54:22] router.WARNING: router not found:/favicon.ico [] []
[2016-12-27 15:54:22] router.WARNING: router not found:/favicon.ico [] []
[2016-12-27 15:54:22] router.WARNING: router not found:/favicon.ico [] []
[2016-12-27 15:57:20] router.WARNING: router not found:/src/Block/View/public/js/jQueryRotate.js [] []
[2016-12-27 15:57:20] router.WARNING: router not found:/src/Block/View/public/js/jQueryRotate.js [] []
[2016-12-27 15:57:20] router.WARNING: router not found:/src/Block/View/public/js/jQueryRotate.js [] []
[2016-12-27 15:57:20] router.WARNING: router not found:/src/Block/View/public/js/jQueryRotate.js [] []
[2016-12-27 15:57:20] router.WARNING: router not found:/src/Block/View/public/js/jQueryRotate.js [] []
[2016-12-27 15:57:20] router.WARNING: router not found:/src/Block/View/public/materialize/js/materialize.min.js [] []
[2016-12-27 15:57:20] router.WARNING: router not found:/src/Block/View/public/materialize/js/materialize.min.js [] []
[2016-12-27 15:57:20] router.WARNING: router not found:/src/Block/View/public/materialize/js/materialize.min.js [] []
[2016-12-27 15:57:20] router.WARNING: router not found:/src/Block/View/public/materialize/js/materialize.min.js [] []
[2016-12-27 15:57:20] router.WARNING: router not found:/src/Block/View/public/materialize/js/materialize.min.js [] []
[2016-12-27 15:57:20] router.WARNING: router not found:/favicon.ico [] []
[2016-12-27 15:57:20] router.WARNING: router not found:/favicon.ico [] []
[2016-12-27 15:57:20] router.WARNING: router not found:/favicon.ico [] []
[2016-12-27 15:57:20] router.WARNING: router not found:/favicon.ico [] []
[2016-12-27 15:57:20] router.WARNING: router not found:/favicon.ico [] []
[2016-12-27 15:57:31] router.WARNING: router not found:/src/Block/View/public/materialize/js/materialize.min.js [] []
[2016-12-27 15:57:31] router.WARNING: router not found:/src/Block/View/public/materialize/js/materialize.min.js [] []
[2016-12-27 15:57:31] router.WARNING: router not found:/src/Block/View/public/materialize/js/materialize.min.js [] []
[2016-12-27 15:57:31] router.WARNING: router not found:/src/Block/View/public/materialize/js/materialize.min.js [] []
[2016-12-27 15:57:31] router.WARNING: router not found:/src/Block/View/public/materialize/js/materialize.min.js [] []
[2016-12-27 15:57:31] router.WARNING: router not found:/src/Block/View/public/js/jQueryRotate.js [] []
[2016-12-27 15:57:31] router.WARNING: router not found:/src/Block/View/public/js/jQueryRotate.js [] []
[2016-12-27 15:57:31] router.WARNING: router not found:/src/Block/View/public/js/jQueryRotate.js [] []
[2016-12-27 15:57:31] router.WARNING: router not found:/src/Block/View/public/js/jQueryRotate.js [] []
[2016-12-27 15:57:31] router.WARNING: router not found:/src/Block/View/public/js/jQueryRotate.js [] []
[2016-12-27 15:57:31] router.WARNING: router not found:/favicon.ico [] []
[2016-12-27 15:57:31] router.WARNING: router not found:/favicon.ico [] []
[2016-12-27 15:57:31] router.WARNING: router not found:/favicon.ico [] []
[2016-12-27 15:57:31] router.WARNING: router not found:/favicon.ico [] []
[2016-12-27 15:57:31] router.WARNING: router not found:/favicon.ico [] []
[2016-12-27 15:57:40] router.WARNING: router not found:/src/Block/View/public/materialize/js/materialize.min.js [] []
[2016-12-27 15:57:40] router.WARNING: router not found:/src/Block/View/public/materialize/js/materialize.min.js [] []
[2016-12-27 15:57:40] router.WARNING: router not found:/src/Block/View/public/materialize/js/materialize.min.js [] []
[2016-12-27 15:57:40] router.WARNING: router not found:/src/Block/View/public/materialize/js/materialize.min.js [] []
[2016-12-27 15:57:40] router.WARNING: router not found:/src/Block/View/public/materialize/js/materialize.min.js [] []
[2016-12-27 15:57:40] router.WARNING: router not found:/src/Block/View/public/js/jQueryRotate.js [] []
[2016-12-27 15:57:40] router.WARNING: router not found:/src/Block/View/public/js/jQueryRotate.js [] []
[2016-12-27 15:57:40] router.WARNING: router not found:/src/Block/View/public/js/jQueryRotate.js [] []
[2016-12-27 15:57:40] router.WARNING: router not found:/src/Block/View/public/js/jQueryRotate.js [] []
[2016-12-27 15:57:40] router.WARNING: router not found:/src/Block/View/public/js/jQueryRotate.js [] []
[2016-12-27 15:57:40] router.WARNING: router not found:/favicon.ico [] []
[2016-12-27 15:57:40] router.WARNING: router not found:/favicon.ico [] []
[2016-12-27 15:57:40] router.WARNING: router not found:/favicon.ico [] []
[2016-12-27 15:57:40] router.WARNING: router not found:/favicon.ico [] []
[2016-12-27 15:57:40] router.WARNING: router not found:/favicon.ico [] []
[2016-12-27 15:57:48] router.WARNING: router not found:/src/Block/View/public/materialize/js/materialize.min.js [] []
[2016-12-27 15:57:48] router.WARNING: router not found:/src/Block/View/public/materialize/js/materialize.min.js [] []
[2016-12-27 15:57:48] router.WARNING: router not found:/src/Block/View/public/materialize/js/materialize.min.js [] []
[2016-12-27 15:57:48] router.WARNING: router not found:/src/Block/View/public/materialize/js/materialize.min.js [] []
[2016-12-27 15:57:48] router.WARNING: router not found:/src/Block/View/public/materialize/js/materialize.min.js [] []
[2016-12-27 15:57:48] router.WARNING: router not found:/src/Block/View/public/js/jQueryRotate.js [] []
[2016-12-27 15:57:48] router.WARNING: router not found:/src/Block/View/public/js/jQueryRotate.js [] []
[2016-12-27 15:57:48] router.WARNING: router not found:/src/Block/View/public/js/jQueryRotate.js [] []
[2016-12-27 15:57:49] router.WARNING: router not found:/src/Block/View/public/js/jQueryRotate.js [] []
[2016-12-27 15:57:49] router.WARNING: router not found:/src/Block/View/public/js/jQueryRotate.js [] []
[2016-12-27 15:57:49] router.WARNING: router not found:/favicon.ico [] []
[2016-12-27 15:57:49] router.WARNING: router not found:/favicon.ico [] []
[2016-12-27 15:57:49] router.WARNING: router not found:/favicon.ico [] []
[2016-12-27 15:57:49] router.WARNING: router not found:/favicon.ico [] []
[2016-12-27 15:57:49] router.WARNING: router not found:/favicon.ico [] []
[2016-12-27 15:58:06] router.WARNING: router not found:/src/Block/View/public/js/jQueryRotate.js [] []
[2016-12-27 15:58:06] router.WARNING: router not found:/src/Block/View/public/js/jQueryRotate.js [] []
[2016-12-27 15:58:06] router.WARNING: router not found:/src/Block/View/public/js/jQueryRotate.js [] []
[2016-12-27 15:58:06] router.WARNING: router not found:/src/Block/View/public/js/jQueryRotate.js [] []
[2016-12-27 15:58:06] router.WARNING: router not found:/src/Block/View/public/js/jQueryRotate.js [] []
[2016-12-27 15:58:06] router.WARNING: router not found:/src/Block/View/public/materialize/js/materialize.min.js [] []
[2016-12-27 15:58:06] router.WARNING: router not found:/src/Block/View/public/materialize/js/materialize.min.js [] []
[2016-12-27 15:58:06] router.WARNING: router not found:/src/Block/View/public/materialize/js/materialize.min.js [] []
[2016-12-27 15:58:06] router.WARNING: router not found:/src/Block/View/public/materialize/js/materialize.min.js [] []
[2016-12-27 15:58:06] router.WARNING: router not found:/src/Block/View/public/materialize/js/materialize.min.js [] []
[2016-12-27 15:58:06] router.WARNING: router not found:/favicon.ico [] []
[2016-12-27 15:58:06] router.WARNING: router not found:/favicon.ico [] []
[2016-12-27 15:58:06] router.WARNING: router not found:/favicon.ico [] []
[2016-12-27 15:58:06] router.WARNING: router not found:/favicon.ico [] []
[2016-12-27 15:58:06] router.WARNING: router not found:/favicon.ico [] []
[2016-12-27 15:58:22] router.WARNING: router not found:/src/Block/View/public/materialize/js/materialize.min.js [] []
[2016-12-27 15:58:22] router.WARNING: router not found:/src/Block/View/public/materialize/js/materialize.min.js [] []
[2016-12-27 15:58:22] router.WARNING: router not found:/src/Block/View/public/materialize/js/materialize.min.js [] []
[2016-12-27 15:58:22] router.WARNING: router not found:/src/Block/View/public/js/jQueryRotate.js [] []
[2016-12-27 15:58:22] router.WARNING: router not found:/src/Block/View/public/js/jQueryRotate.js [] []
[2016-12-27 15:58:22] router.WARNING: router not found:/src/Block/View/public/js/jQueryRotate.js [] []
[2016-12-27 15:58:22] router.WARNING: router not found:/src/Block/View/public/materialize/js/materialize.min.js [] []
[2016-12-27 15:58:22] router.WARNING: router not found:/src/Block/View/public/js/jQueryRotate.js [] []
[2016-12-27 15:58:22] router.WARNING: router not found:/src/Block/View/public/materialize/js/materialize.min.js [] []
[2016-12-27 15:58:22] router.WARNING: router not found:/src/Block/View/public/js/jQueryRotate.js [] []
[2016-12-27 15:58:22] router.WARNING: router not found:/favicon.ico [] []
[2016-12-27 15:58:22] router.WARNING: router not found:/favicon.ico [] []
[2016-12-27 15:58:22] router.WARNING: router not found:/favicon.ico [] []
[2016-12-27 15:58:22] router.WARNING: router not found:/favicon.ico [] []
[2016-12-27 15:58:22] router.WARNING: router not found:/favicon.ico [] []
[2016-12-27 15:58:44] router.WARNING: router not found:/src/Block/View/public/materialize/js/materialize.min.js [] []
[2016-12-27 15:58:44] router.WARNING: router not found:/src/Block/View/public/materialize/js/materialize.min.js [] []
[2016-12-27 15:58:44] router.WARNING: router not found:/src/Block/View/public/materialize/js/materialize.min.js [] []
[2016-12-27 15:58:44] router.WARNING: router not found:/src/Block/View/public/js/jQueryRotate.js [] []
[2016-12-27 15:58:44] router.WARNING: router not found:/src/Block/View/public/js/jQueryRotate.js [] []
[2016-12-27 15:58:44] router.WARNING: router not found:/src/Block/View/public/js/jQueryRotate.js [] []
[2016-12-27 15:58:44] router.WARNING: router not found:/src/Block/View/public/materialize/js/materialize.min.js [] []
[2016-12-27 15:58:44] router.WARNING: router not found:/src/Block/View/public/materialize/js/materialize.min.js [] []
[2016-12-27 15:58:44] router.WARNING: router not found:/src/Block/View/public/js/jQueryRotate.js [] []
[2016-12-27 15:58:44] router.WARNING: router not found:/src/Block/View/public/js/jQueryRotate.js [] []
[2016-12-27 15:58:44] router.WARNING: router not found:/favicon.ico [] []
[2016-12-27 15:58:44] router.WARNING: router not found:/favicon.ico [] []
[2016-12-27 15:58:44] router.WARNING: router not found:/favicon.ico [] []
[2016-12-27 15:58:44] router.WARNING: router not found:/favicon.ico [] []
[2016-12-27 15:58:44] router.WARNING: router not found:/favicon.ico [] []
[2016-12-27 16:04:58] router.WARNING: router not found:/src/Block/View/public/js/jQueryRotate.js [] []
[2016-12-27 16:04:58] router.WARNING: router not found:/src/Block/View/public/js/jQueryRotate.js [] []
[2016-12-27 16:04:58] router.WARNING: router not found:/src/Block/View/public/js/jQueryRotate.js [] []
[2016-12-27 16:04:58] router.WARNING: router not found:/src/Block/View/public/js/jQueryRotate.js [] []
[2016-12-27 16:04:58] router.WARNING: router not found:/src/Block/View/public/js/jQueryRotate.js [] []
[2016-12-27 16:04:58] router.WARNING: router not found:/src/Block/View/public/materialize/js/materialize.min.js [] []
[2016-12-27 16:04:58] router.WARNING: router not found:/src/Block/View/public/materialize/js/materialize.min.js [] []
[2016-12-27 16:04:58] router.WARNING: router not found:/src/Block/View/public/materialize/js/materialize.min.js [] []
[2016-12-27 16:04:58] router.WARNING: router not found:/src/Block/View/public/materialize/js/materialize.min.js [] []
[2016-12-27 16:04:58] router.WARNING: router not found:/src/Block/View/public/materialize/js/materialize.min.js [] []
[2016-12-27 16:04:58] router.WARNING: router not found:/favicon.ico [] []
[2016-12-27 16:04:58] router.WARNING: router not found:/favicon.ico [] []
[2016-12-27 16:04:58] router.WARNING: router not found:/favicon.ico [] []
[2016-12-27 16:04:58] router.WARNING: router not found:/favicon.ico [] []
[2016-12-27 16:04:58] router.WARNING: router not found:/favicon.ico [] []
[2016-12-27 16:05:06] router.WARNING: router not found:/src/Block/View/public/materialize/js/materialize.min.js [] []
[2016-12-27 16:05:06] router.WARNING: router not found:/src/Block/View/public/materialize/js/materialize.min.js [] []
[2016-12-27 16:05:06] router.WARNING: router not found:/src/Block/View/public/materialize/js/materialize.min.js [] []
[2016-12-27 16:05:06] router.WARNING: router not found:/src/Block/View/public/materialize/js/materialize.min.js [] []
[2016-12-27 16:05:06] router.WARNING: router not found:/src/Block/View/public/materialize/js/materialize.min.js [] []
[2016-12-27 16:05:06] router.WARNING: router not found:/src/Block/View/public/js/jQueryRotate.js [] []
[2016-12-27 16:05:06] router.WARNING: router not found:/src/Block/View/public/js/jQueryRotate.js [] []
[2016-12-27 16:05:06] router.WARNING: router not found:/src/Block/View/public/js/jQueryRotate.js [] []
[2016-12-27 16:05:06] router.WARNING: router not found:/src/Block/View/public/js/jQueryRotate.js [] []
[2016-12-27 16:05:06] router.WARNING: router not found:/src/Block/View/public/js/jQueryRotate.js [] []
[2016-12-27 16:05:06] router.WARNING: router not found:/favicon.ico [] []
[2016-12-27 16:05:06] router.WARNING: router not found:/favicon.ico [] []
[2016-12-27 16:05:06] router.WARNING: router not found:/favicon.ico [] []
[2016-12-27 16:05:06] router.WARNING: router not found:/favicon.ico [] []
[2016-12-27 16:05:06] router.WARNING: router not found:/favicon.ico [] []
[2016-12-27 16:05:48] router.WARNING: router not found:/src/Block/View/public/materialize/js/materialize.min.js [] []
[2016-12-27 16:05:48] router.WARNING: router not found:/src/Block/View/public/materialize/js/materialize.min.js [] []
[2016-12-27 16:05:48] router.WARNING: router not found:/src/Block/View/public/materialize/js/materialize.min.js [] []
[2016-12-27 16:05:48] router.WARNING: router not found:/src/Block/View/public/js/jQueryRotate.js [] []
[2016-12-27 16:05:48] router.WARNING: router not found:/src/Block/View/public/js/jQueryRotate.js [] []
[2016-12-27 16:05:48] router.WARNING: router not found:/src/Block/View/public/js/jQueryRotate.js [] []
[2016-12-27 16:05:48] router.WARNING: router not found:/src/Block/View/public/materialize/js/materialize.min.js [] []
[2016-12-27 16:05:48] router.WARNING: router not found:/src/Block/View/public/js/jQueryRotate.js [] []
[2016-12-27 16:05:48] router.WARNING: router not found:/src/Block/View/public/materialize/js/materialize.min.js [] []
[2016-12-27 16:05:48] router.WARNING: router not found:/src/Block/View/public/js/jQueryRotate.js [] []
[2016-12-27 16:05:48] router.WARNING: router not found:/favicon.ico [] []
[2016-12-27 16:05:48] router.WARNING: router not found:/favicon.ico [] []
[2016-12-27 16:05:48] router.WARNING: router not found:/favicon.ico [] []
[2016-12-27 16:05:48] router.WARNING: router not found:/favicon.ico [] []
[2016-12-27 16:05:48] router.WARNING: router not found:/favicon.ico [] []
[2016-12-27 16:05:57] router.WARNING: router not found:/src/Block/View/public/js/jQueryRotate.js [] []
[2016-12-27 16:05:57] router.WARNING: router not found:/src/Block/View/public/js/jQueryRotate.js [] []
[2016-12-27 16:05:57] router.WARNING: router not found:/src/Block/View/public/materialize/js/materialize.min.js [] []
[2016-12-27 16:05:57] router.WARNING: router not found:/src/Block/View/public/js/jQueryRotate.js [] []
[2016-12-27 16:05:57] router.WARNING: router not found:/src/Block/View/public/materialize/js/materialize.min.js [] []
[2016-12-27 16:05:57] router.WARNING: router not found:/src/Block/View/public/materialize/js/materialize.min.js [] []
[2016-12-27 16:05:57] router.WARNING: router not found:/src/Block/View/public/js/jQueryRotate.js [] []
[2016-12-27 16:05:57] router.WARNING: router not found:/src/Block/View/public/js/jQueryRotate.js [] []
[2016-12-27 16:05:57] router.WARNING: router not found:/src/Block/View/public/materialize/js/materialize.min.js [] []
[2016-12-27 16:05:57] router.WARNING: router not found:/src/Block/View/public/materialize/js/materialize.min.js [] []
[2016-12-27 16:05:58] router.WARNING: router not found:/favicon.ico [] []
[2016-12-27 16:05:58] router.WARNING: router not found:/favicon.ico [] []
[2016-12-27 16:05:58] router.WARNING: router not found:/favicon.ico [] []
[2016-12-27 16:05:58] router.WARNING: router not found:/favicon.ico [] []
[2016-12-27 16:05:58] router.WARNING: router not found:/favicon.ico [] []
[2016-12-27 16:06:22] router.WARNING: router not found:/src/Block/View/public/materialize/js/materialize.min.js [] []
[2016-12-27 16:06:22] router.WARNING: router not found:/src/Block/View/public/materialize/js/materialize.min.js [] []
[2016-12-27 16:06:22] router.WARNING: router not found:/src/Block/View/public/js/jQueryRotate.js [] []
[2016-12-27 16:06:22] router.WARNING: router not found:/src/Block/View/public/js/jQueryRotate.js [] []
[2016-12-27 16:06:22] router.WARNING: router not found:/src/Block/View/public/materialize/js/materialize.min.js [] []
[2016-12-27 16:06:22] router.WARNING: router not found:/src/Block/View/public/js/jQueryRotate.js [] []
[2016-12-27 16:06:22] router.WARNING: router not found:/src/Block/View/public/materialize/js/materialize.min.js [] []
[2016-12-27 16:06:22] router.WARNING: router not found:/src/Block/View/public/js/jQueryRotate.js [] []
[2016-12-27 16:06:22] router.WARNING: router not found:/src/Block/View/public/js/jQueryRotate.js [] []
[2016-12-27 16:06:22] router.WARNING: router not found:/src/Block/View/public/materialize/js/materialize.min.js [] []
[2016-12-27 16:06:22] router.WARNING: router not found:/favicon.ico [] []
[2016-12-27 16:06:22] router.WARNING: router not found:/favicon.ico [] []
[2016-12-27 16:06:22] router.WARNING: router not found:/favicon.ico [] []
[2016-12-27 16:06:22] router.WARNING: router not found:/favicon.ico [] []
[2016-12-27 16:06:22] router.WARNING: router not found:/favicon.ico [] []
[2016-12-27 16:06:36] router.WARNING: router not found:/src/Block/View/public/materialize/js/materialize.min.js [] []
[2016-12-27 16:06:36] router.WARNING: router not found:/src/Block/View/public/materialize/js/materialize.min.js [] []
[2016-12-27 16:06:36] router.WARNING: router not found:/src/Block/View/public/materialize/js/materialize.min.js [] []
[2016-12-27 16:06:36] router.WARNING: router not found:/src/Block/View/public/js/jQueryRotate.js [] []
[2016-12-27 16:06:36] router.WARNING: router not found:/src/Block/View/public/js/jQueryRotate.js [] []
[2016-12-27 16:06:36] router.WARNING: router not found:/src/Block/View/public/js/jQueryRotate.js [] []
[2016-12-27 16:06:36] router.WARNING: router not found:/src/Block/View/public/js/jQueryRotate.js [] []
[2016-12-27 16:06:36] router.WARNING: router not found:/src/Block/View/public/materialize/js/materialize.min.js [] []
[2016-12-27 16:06:36] router.WARNING: router not found:/src/Block/View/public/materialize/js/materialize.min.js [] []
[2016-12-27 16:06:36] router.WARNING: router not found:/src/Block/View/public/js/jQueryRotate.js [] []
[2016-12-27 16:06:37] router.WARNING: router not found:/favicon.ico [] []
[2016-12-27 16:06:37] router.WARNING: router not found:/favicon.ico [] []
[2016-12-27 16:06:37] router.WARNING: router not found:/favicon.ico [] []
[2016-12-27 16:06:37] router.WARNING: router not found:/favicon.ico [] []
[2016-12-27 16:06:37] router.WARNING: router not found:/favicon.ico [] []
[2016-12-27 16:07:56] router.WARNING: router not found:/images/yuna.jpg [] []
[2016-12-27 16:07:56] router.WARNING: router not found:/images/yuna.jpg [] []
[2016-12-27 16:07:56] router.WARNING: router not found:/images/yuna.jpg [] []
[2016-12-27 16:07:56] router.WARNING: router not found:/images/yuna.jpg [] []
[2016-12-27 16:07:56] router.WARNING: router not found:/images/yuna.jpg [] []
[2016-12-27 16:07:56] router.WARNING: router not found:/favicon.ico [] []
[2016-12-27 16:07:56] router.WARNING: router not found:/favicon.ico [] []
[2016-12-27 16:07:56] router.WARNING: router not found:/favicon.ico [] []
[2016-12-27 16:07:56] router.WARNING: router not found:/favicon.ico [] []
[2016-12-27 16:07:56] router.WARNING: router not found:/favicon.ico [] []
[2016-12-27 18:50:03] router.WARNING: router not found:/favicon.ico [] []
[2016-12-27 18:50:04] router.WARNING: router not found:/favicon.ico [] []
[2016-12-27 18:50:04] router.WARNING: router not found:/favicon.ico [] []
[2016-12-27 18:50:05] router.WARNING: router not found:/favicon.ico [] []
[2016-12-27 18:50:05] router.WARNING: router not found:/favicon.ico [] []
[2016-12-27 18:50:56] router.WARNING: router not found:/favicon.ico [] []
[2016-12-27 18:50:56] router.WARNING: router not found:/favicon.ico [] []
[2016-12-27 18:50:56] router.WARNING: router not found:/favicon.ico [] []
[2016-12-27 18:50:56] router.WARNING: router not found:/favicon.ico [] []
[2016-12-27 18:50:56] router.WARNING: router not found:/favicon.ico [] []
[2016-12-27 20:43:45] router.WARNING: router not found:/favicon.ico [] []
[2016-12-27 20:43:45] router.WARNING: router not found:/favicon.ico [] []
[2016-12-27 20:43:45] router.WARNING: router not found:/favicon.ico [] []
[2016-12-27 20:43:46] router.WARNING: router not found:/favicon.ico [] []
[2016-12-27 20:43:46] router.WARNING: router not found:/favicon.ico [] []
[2016-12-27 21:34:19] router.WARNING: router not found: [] []
[2016-12-27 21:34:19] router.WARNING: router not found: [] []
[2016-12-27 21:34:19] router.WARNING: router not found: [] []
[2016-12-27 21:34:19] router.WARNING: router not found: [] []
[2016-12-27 21:34:19] router.WARNING: router not found: [] []
[2016-12-27 21:34:36] router.WARNING: router not found:/favicon.ico [] []
[2016-12-27 21:34:36] router.WARNING: router not found:/favicon.ico [] []
[2016-12-27 21:34:36] router.WARNING: router not found:/favicon.ico [] []
[2016-12-27 21:34:36] router.WARNING: router not found:/favicon.ico [] []
[2016-12-27 21:34:36] router.WARNING: router not found:/favicon.ico [] []
[2016-12-27 21:35:20] router.WARNING: router not found:/favicon.ico [] []
[2016-12-27 21:35:20] router.WARNING: router not found:/favicon.ico [] []
[2016-12-27 21:35:20] router.WARNING: router not found:/favicon.ico [] []
[2016-12-27 21:35:20] router.WARNING: router not found:/favicon.ico [] []
[2016-12-27 21:35:20] router.WARNING: router not found:/favicon.ico [] []
[2016-12-27 21:35:29] router.WARNING: router not found:/favicon.ico [] []
[2016-12-27 21:35:29] router.WARNING: router not found:/favicon.ico [] []
[2016-12-27 21:35:29] router.WARNING: router not found:/favicon.ico [] []
[2016-12-27 21:35:29] router.WARNING: router not found:/favicon.ico [] []
[2016-12-27 21:35:29] router.WARNING: router not found:/favicon.ico [] []
[2016-12-27 21:35:47] router.WARNING: router not found:/favicon.ico [] []
[2016-12-27 21:35:47] router.WARNING: router not found:/favicon.ico [] []
[2016-12-27 21:35:47] router.WARNING: router not found:/favicon.ico [] []
[2016-12-27 21:35:47] router.WARNING: router not found:/favicon.ico [] []
[2016-12-27 21:35:47] router.WARNING: router not found:/favicon.ico [] []
[2016-12-27 21:36:12] router.WARNING: router not found: [] []
[2016-12-27 21:36:12] router.WARNING: router not found: [] []
[2016-12-27 21:36:12] router.WARNING: router not found: [] []
[2016-12-27 21:36:12] router.WARNING: router not found: [] []
[2016-12-27 21:36:12] router.WARNING: router not found: [] []
[2016-12-27 21:42:42] router.WARNING: router not found:/favicon.ico [] []
[2016-12-27 21:42:42] router.WARNING: router not found:/favicon.ico [] []
[2016-12-27 21:42:42] router.WARNING: router not found:/favicon.ico [] []
[2016-12-27 21:42:42] router.WARNING: router not found:/favicon.ico [] []
[2016-12-27 21:42:42] router.WARNING: router not found:/favicon.ico [] []
[2016-12-27 21:42:55] router.WARNING: router not found:/src/Block/View/public/materialize/js/materialize.min.js [] []
[2016-12-27 21:42:55] router.WARNING: router not found:/src/Block/View/public/materialize/js/materialize.min.js [] []
[2016-12-27 21:42:55] router.WARNING: router not found:/src/Block/View/public/js/jQueryRotate.js [] []
[2016-12-27 21:42:55] router.WARNING: router not found:/src/Block/View/public/js/jQueryRotate.js [] []
[2016-12-27 21:42:55] router.WARNING: router not found:/src/Block/View/public/materialize/js/materialize.min.js [] []
[2016-12-27 21:42:55] router.WARNING: router not found:/src/Block/View/public/js/jQueryRotate.js [] []
[2016-12-27 21:42:55] router.WARNING: router not found:/src/Block/View/public/materialize/js/materialize.min.js [] []
[2016-12-27 21:42:55] router.WARNING: router not found:/src/Block/View/public/materialize/js/materialize.min.js [] []
[2016-12-27 21:42:55] router.WARNING: router not found:/src/Block/View/public/js/jQueryRotate.js [] []
[2016-12-27 21:42:55] router.WARNING: router not found:/src/Block/View/public/js/jQueryRotate.js [] []
[2016-12-27 21:42:56] router.WARNING: router not found:/favicon.ico [] []
[2016-12-27 21:42:56] router.WARNING: router not found:/favicon.ico [] []
[2016-12-27 21:42:56] router.WARNING: router not found:/favicon.ico [] []
[2016-12-27 21:42:56] router.WARNING: router not found:/favicon.ico [] []
[2016-12-27 21:42:56] router.WARNING: router not found:/favicon.ico [] []
[2016-12-27 22:33:35] router.WARNING: router not found:/src/Block/View/public/materialize/js/materialize.min.js [] []
[2016-12-27 22:33:35] router.WARNING: router not found:/src/Block/View/public/materialize/js/materialize.min.js [] []
[2016-12-27 22:33:35] router.WARNING: router not found:/src/Block/View/public/js/jQueryRotate.js [] []
[2016-12-27 22:33:35] router.WARNING: router not found:/src/Block/View/public/materialize/js/materialize.min.js [] []
[2016-12-27 22:33:35] router.WARNING: router not found:/src/Block/View/public/js/jQueryRotate.js [] []
[2016-12-27 22:33:35] router.WARNING: router not found:/src/Block/View/public/js/jQueryRotate.js [] []
[2016-12-27 22:33:35] router.WARNING: router not found:/src/Block/View/public/materialize/js/materialize.min.js [] []
[2016-12-27 22:33:35] router.WARNING: router not found:/src/Block/View/public/js/jQueryRotate.js [] []
[2016-12-27 22:33:35] router.WARNING: router not found:/src/Block/View/public/materialize/js/materialize.min.js [] []
[2016-12-27 22:33:35] router.WARNING: router not found:/src/Block/View/public/materialize/js/materialize.min.js [] []
[2016-12-27 22:33:35] router.WARNING: router not found:/src/Block/View/public/js/jQueryRotate.js [] []
[2016-12-27 22:33:35] router.WARNING: router not found:/src/Block/View/public/js/jQueryRotate.js [] []
[2016-12-27 22:33:35] router.WARNING: router not found:/favicon.ico [] []
[2016-12-27 22:33:35] router.WARNING: router not found:/favicon.ico [] []
[2016-12-27 22:33:35] router.WARNING: router not found:/favicon.ico [] []
[2016-12-27 22:33:35] router.WARNING: router not found:/favicon.ico [] []
[2016-12-27 22:33:35] router.WARNING: router not found:/favicon.ico [] []
[2016-12-27 22:33:35] router.WARNING: router not found:/favicon.ico [] []
[2016-12-27 22:34:09] router.WARNING: router not found:/src/Block/View/public/materialize/js/materialize.min.js [] []
[2016-12-27 22:34:09] router.WARNING: router not found:/src/Block/View/public/js/jQueryRotate.js [] []
[2016-12-27 22:34:09] router.WARNING: router not found:/src/Block/View/public/materialize/js/materialize.min.js [] []
[2016-12-27 22:34:09] router.WARNING: router not found:/src/Block/View/public/js/jQueryRotate.js [] []
[2016-12-27 22:34:09] router.WARNING: router not found:/src/Block/View/public/materialize/js/materialize.min.js [] []
[2016-12-27 22:34:09] router.WARNING: router not found:/src/Block/View/public/js/jQueryRotate.js [] []
[2016-12-27 22:34:09] router.WARNING: router not found:/src/Block/View/public/js/jQueryRotate.js [] []
[2016-12-27 22:34:09] router.WARNING: router not found:/src/Block/View/public/materialize/js/materialize.min.js [] []
[2016-12-27 22:34:09] router.WARNING: router not found:/src/Block/View/public/js/jQueryRotate.js [] []
[2016-12-27 22:34:09] router.WARNING: router not found:/src/Block/View/public/js/jQueryRotate.js [] []
[2016-12-27 22:34:09] router.WARNING: router not found:/src/Block/View/public/materialize/js/materialize.min.js [] []
[2016-12-27 22:34:09] router.WARNING: router not found:/src/Block/View/public/materialize/js/materialize.min.js [] []
[2016-12-27 22:34:09] router.WARNING: router not found:/favicon.ico [] []
[2016-12-27 22:34:09] router.WARNING: router not found:/favicon.ico [] []
[2016-12-27 22:34:09] router.WARNING: router not found:/favicon.ico [] []
[2016-12-27 22:34:09] router.WARNING: router not found:/favicon.ico [] []
[2016-12-27 22:34:09] router.WARNING: router not found:/favicon.ico [] []
[2016-12-27 22:34:09] router.WARNING: router not found:/favicon.ico [] []
[2016-12-27 22:34:13] router.WARNING: router not found:/coococ [] []
[2016-12-27 22:34:13] router.WARNING: router not found:/coococ [] []
[2016-12-27 22:34:13] router.WARNING: router not found:/coococ [] []
[2016-12-27 22:34:13] router.WARNING: router not found:/coococ [] []
[2016-12-27 22:34:13] router.WARNING: router not found:/coococ [] []
[2016-12-27 22:34:13] router.WARNING: router not found:/coococ [] []
[2016-12-27 22:34:13] router.WARNING: router not found:/src/Block/View/public/materialize/js/materialize.min.js [] []
[2016-12-27 22:34:13] router.WARNING: router not found:/src/Block/View/public/materialize/js/materialize.min.js [] []
[2016-12-27 22:34:13] router.WARNING: router not found:/src/Block/View/public/materialize/js/materialize.min.js [] []
[2016-12-27 22:34:13] router.WARNING: router not found:/src/Block/View/public/materialize/js/materialize.min.js [] []
[2016-12-27 22:34:13] router.WARNING: router not found:/src/Block/View/public/materialize/js/materialize.min.js [] []
[2016-12-27 22:34:13] router.WARNING: router not found:/src/Block/View/public/materialize/js/materialize.min.js [] []
[2016-12-27 22:34:13] router.WARNING: router not found:/src/Block/View/public/js/jQueryRotate.js [] []
[2016-12-27 22:34:13] router.WARNING: router not found:/src/Block/View/public/js/jQueryRotate.js [] []
[2016-12-27 22:34:13] router.WARNING: router not found:/src/Block/View/public/js/jQueryRotate.js [] []
[2016-12-27 22:34:13] router.WARNING: router not found:/src/Block/View/public/js/jQueryRotate.js [] []
[2016-12-27 22:34:13] router.WARNING: router not found:/src/Block/View/public/js/jQueryRotate.js [] []
[2016-12-27 22:34:13] router.WARNING: router not found:/src/Block/View/public/js/jQueryRotate.js [] []
[2016-12-27 22:34:13] router.WARNING: router not found:/favicon.ico [] []
[2016-12-27 22:34:13] router.WARNING: router not found:/favicon.ico [] []
[2016-12-27 22:34:13] router.WARNING: router not found:/favicon.ico [] []
[2016-12-27 22:34:13] router.WARNING: router not found:/favicon.ico [] []
[2016-12-27 22:34:13] router.WARNING: router not found:/favicon.ico [] []
[2016-12-27 22:34:13] router.WARNING: router not found:/favicon.ico [] []
[2016-12-27 22:58:15] router.WARNING: router not found:/coococ [] []
[2016-12-27 22:58:15] router.WARNING: router not found:/coococ [] []
[2016-12-27 22:58:15] router.WARNING: router not found:/coococ [] []
[2016-12-27 22:58:15] router.WARNING: router not found:/coococ [] []
[2016-12-27 22:58:15] router.WARNING: router not found:/coococ [] []
[2016-12-27 22:58:15] router.WARNING: router not found:/coococ [] []
[2016-12-27 22:58:15] router.WARNING: router not found:/src/Block/View/public/materialize/js/materialize.min.js [] []
[2016-12-27 22:58:15] router.WARNING: router not found:/src/Block/View/public/js/jQueryRotate.js [] []
[2016-12-27 22:58:15] router.WARNING: router not found:/src/Block/View/public/js/jQueryRotate.js [] []
[2016-12-27 22:58:15] router.WARNING: router not found:/src/Block/View/public/js/jQueryRotate.js [] []
[2016-12-27 22:58:15] router.WARNING: router not found:/src/Block/View/public/materialize/js/materialize.min.js [] []
[2016-12-27 22:58:15] router.WARNING: router not found:/src/Block/View/public/materialize/js/materialize.min.js [] []
[2016-12-27 22:58:15] router.WARNING: router not found:/src/Block/View/public/js/jQueryRotate.js [] []
[2016-12-27 22:58:15] router.WARNING: router not found:/src/Block/View/public/materialize/js/materialize.min.js [] []
[2016-12-27 22:58:15] router.WARNING: router not found:/src/Block/View/public/js/jQueryRotate.js [] []
[2016-12-27 22:58:15] router.WARNING: router not found:/src/Block/View/public/js/jQueryRotate.js [] []
[2016-12-27 22:58:15] router.WARNING: router not found:/src/Block/View/public/materialize/js/materialize.min.js [] []
[2016-12-27 22:58:15] router.WARNING: router not found:/src/Block/View/public/materialize/js/materialize.min.js [] []
[2016-12-27 22:58:23] router.WARNING: router not found:/favicon.ico [] []
[2016-12-27 22:58:23] router.WARNING: router not found:/favicon.ico [] []
[2016-12-27 22:58:23] router.WARNING: router not found:/favicon.ico [] []
[2016-12-27 22:58:23] router.WARNING: router not found:/favicon.ico [] []
[2016-12-27 22:58:23] router.WARNING: router not found:/favicon.ico [] []
[2016-12-27 22:58:23] router.WARNING: router not found:/favicon.ico [] []
